<?xml version="1.0" encoding="UTF-8"?>
<!-- Generated by org.testng.reporters.JUnitXMLReporter -->
<testsuite hostname="LAPTOP-FBFACADN" ignored="0" name="Default test" tests="6" failures="0" timestamp="2021-02-09T17:33:35 IST" time="30.091" errors="0">
  <testcase name="verifyContactsPageLabel" time="0.097" classname="com.pom.qa.testcases.ContactsPageTest"/>
  <testcase name="verifyNewContactTest" time="0.364" classname="com.pom.qa.testcases.ContactsPageTest"/>
  <testcase name="verifyNewContactSingleDataTest" time="2.86" classname="com.pom.qa.testcases.ContactsPageTest"/>
  <testcase name="validateCreateNewContact" time="3.288" classname="com.pom.qa.testcases.ContactsPageTest"/>
  <testcase name="validateCreateNewContact" time="2.059" classname="com.pom.qa.testcases.ContactsPageTest"/>
  <testcase name="validateCreateNewContact" time="3.51" classname="com.pom.qa.testcases.ContactsPageTest"/>
</testsuite> <!-- Default test -->
