<?xml version="1.0" encoding="UTF-8"?>
<!-- Generated by org.testng.reporters.JUnitXMLReporter -->
<testsuite hostname="LAPTOP-FBFACADN" ignored="0" name="Test" tests="4" failures="0" timestamp="2021-02-08T12:22:40 IST" time="31.232" errors="0">
  <testcase name="verifyNewContactSingleDataTest" time="2.459" classname="com.pom.qa.testcases.ContactsPageTest"/>
  <testcase name="validateCreateNewContact" time="1.758" classname="com.pom.qa.testcases.ContactsPageTest"/>
  <testcase name="validateCreateNewContact" time="1.746" classname="com.pom.qa.testcases.ContactsPageTest"/>
  <testcase name="validateCreateNewContact" time="2.721" classname="com.pom.qa.testcases.ContactsPageTest"/>
</testsuite> <!-- Test -->
