<?xml version="1.0" encoding="UTF-8"?>
<!-- Generated by org.testng.reporters.JUnitXMLReporter -->
<testsuite hostname="LAPTOP-FBFACADN" ignored="0" name="Test" tests="12" failures="0" timestamp="2021-02-08T16:54:20 IST" time="71.785" errors="0">
  <testcase name="loginPageTitleTest" time="0.083" classname="com.pom.qa.testcases.LoginPageTest"/>
  <testcase name="mainLoginbtn" time="7.01" classname="com.pom.qa.testcases.LoginPageTest"/>
  <testcase name="loginTest" time="0.353" classname="com.pom.qa.testcases.LoginPageTest"/>
  <testcase name="verifyHomePageTitleTest" time="0.006" classname="com.pom.qa.testcases.HomePageTest"/>
  <testcase name="verifyUserNameTest" time="2.077" classname="com.pom.qa.testcases.HomePageTest"/>
  <testcase name="verifyContactsLinkTest" time="1.517" classname="com.pom.qa.testcases.HomePageTest"/>
  <testcase name="verifyContactsPageLabel" time="0.039" classname="com.pom.qa.testcases.ContactsPageTest"/>
  <testcase name="verifyNewContactTest" time="0.941" classname="com.pom.qa.testcases.ContactsPageTest"/>
  <testcase name="verifyNewContactSingleDataTest" time="3.207" classname="com.pom.qa.testcases.ContactsPageTest"/>
  <testcase name="validateCreateNewContact" time="2.171" classname="com.pom.qa.testcases.ContactsPageTest"/>
  <testcase name="validateCreateNewContact" time="2.247" classname="com.pom.qa.testcases.ContactsPageTest"/>
  <testcase name="validateCreateNewContact" time="2.172" classname="com.pom.qa.testcases.ContactsPageTest"/>
</testsuite> <!-- Test -->
