<?xml version="1.0" encoding="UTF-8"?>
<testsuite xmlns:xsi="http://www.w3.org/2001/XMLSchema-instance" xsi:noNamespaceSchemaLocation="https://maven.apache.org/surefire/maven-surefire-plugin/xsd/surefire-test-report-3.0.xsd" version="3.0" name="TestSuite" time="109.957" tests="12" errors="0" skipped="0" failures="1">
  <properties>
[...]
</properties>
  <testcase name="loginPageTitleTest" classname="com.pom.qa.testcases.LoginPageTest" time="0.055"/>
  <testcase name="mainLoginbtn" classname="com.pom.qa.testcases.LoginPageTest" time="4.303"/>
  <testcase name="loginTest" classname="com.pom.qa.testcases.LoginPageTest" time="13.662"/>
  <testcase name="verifyHomePageTitleTest" classname="com.pom.qa.testcases.HomePageTest" time="0.005"/>
  <testcase name="verifyUserNameTest" classname="com.pom.qa.testcases.HomePageTest" time="1.896"/>
  <testcase name="verifyContactsLinkTest" classname="com.pom.qa.testcases.HomePageTest" time="0.523"/>
  <testcase name="verifyContactsPageLabel" classname="com.pom.qa.testcases.ContactsPageTest" time="0.047"/>
  <testcase name="verifyNewContactTest" classname="com.pom.qa.testcases.ContactsPageTest" time="0.122"/>
  <testcase name="verifyNewContactSingleDataTest" classname="com.pom.qa.testcases.ContactsPageTest" time="20.158">
    <failure message="no such element: Unable to locate element: {&quot;method&quot;:&quot;css selector&quot;,&quot;selector&quot;:&quot;*[name=&apos;first_name&apos;]&quot;}&#10;  (Session info: chrome=88.0.4324.146)&#10;For documentation on this error, please visit: https://www.seleniumhq.org/exceptions/no_such_element.html&#10;Build info: version: &apos;3.141.59&apos;, revision: &apos;e82be7d358&apos;, time: &apos;2018-11-14T08:17:03&apos;&#10;System info: host: &apos;LAPTOP-FBFACADN&apos;, ip: &apos;192.168.2.11&apos;, os.name: &apos;Windows 10&apos;, os.arch: &apos;amd64&apos;, os.version: &apos;10.0&apos;, java.version: &apos;1.8.0_241&apos;&#10;Driver info: org.openqa.selenium.chrome.ChromeDriver&#10;Capabilities {acceptInsecureCerts: false, browserName: chrome, browserVersion: 88.0.4324.146, chrome: {chromedriverVersion: 88.0.4324.96 (68dba2d8a0b14..., userDataDir: C:\Users\Murali\AppData\Loc...}, goog:chromeOptions: {debuggerAddress: localhost:51841}, javascriptEnabled: true, networkConnectionEnabled: false, pageLoadStrategy: normal, platform: WINDOWS, platformName: WINDOWS, proxy: Proxy(), setWindowRect: true, strictFileInteractability: false, timeouts: {implicit: 0, pageLoad: 300000, script: 30000}, unhandledPromptBehavior: dismiss and notify, webauthn:extension:largeBlob: true, webauthn:virtualAuthenticators: true}&#10;Session ID: 56bf52224cecfb5722fa181f29606a5c&#10;*** Element info: {Using=name, value=first_name}" type="org.openqa.selenium.NoSuchElementException"><![CDATA[org.openqa.selenium.NoSuchElementException: 
no such element: Unable to locate element: {"method":"css selector","selector":"*[name='first_name']"}
  (Session info: chrome=88.0.4324.146)
For documentation on this error, please visit: https://www.seleniumhq.org/exceptions/no_such_element.html
Build info: version: '3.141.59', revision: 'e82be7d358', time: '2018-11-14T08:17:03'
System info: host: 'LAPTOP-FBFACADN', ip: '192.168.2.11', os.name: 'Windows 10', os.arch: 'amd64', os.version: '10.0', java.version: '1.8.0_241'
Driver info: org.openqa.selenium.chrome.ChromeDriver
Capabilities {acceptInsecureCerts: false, browserName: chrome, browserVersion: 88.0.4324.146, chrome: {chromedriverVersion: 88.0.4324.96 (68dba2d8a0b14..., userDataDir: C:\Users\Murali\AppData\Loc...}, goog:chromeOptions: {debuggerAddress: localhost:51841}, javascriptEnabled: true, networkConnectionEnabled: false, pageLoadStrategy: normal, platform: WINDOWS, platformName: WINDOWS, proxy: Proxy(), setWindowRect: true, strictFileInteractability: false, timeouts: {implicit: 0, pageLoad: 300000, script: 30000}, unhandledPromptBehavior: dismiss and notify, webauthn:extension:largeBlob: true, webauthn:virtualAuthenticators: true}
Session ID: 56bf52224cecfb5722fa181f29606a5c
*** Element info: {Using=name, value=first_name}
	at com.pom.qa.testcases.ContactsPageTest.verifyNewContactSingleDataTest(ContactsPageTest.java:68)
]]></failure>
  </testcase>
  <testcase name="validateCreateNewContact" classname="com.pom.qa.testcases.ContactsPageTest" time="7.853"/>
  <testcase name="validateCreateNewContact" classname="com.pom.qa.testcases.ContactsPageTest" time="2.245"/>
  <testcase name="validateCreateNewContact" classname="com.pom.qa.testcases.ContactsPageTest" time="2.331"/>
</testsuite>