<?xml version="1.0" encoding="UTF-8"?>
<testng-results skipped="0" failed="0" ignored="0" total="12" passed="12">
  <reporter-output>
  </reporter-output>
  <suite name="PomTestNGMaven-Suite" duration-ms="71785" started-at="2021-02-08T16:53:09 IST" finished-at="2021-02-08T16:54:20 IST">
    <groups>
    </groups>
    <test name="Test" duration-ms="71785" started-at="2021-02-08T16:53:09 IST" finished-at="2021-02-08T16:54:20 IST">
      <class name="com.pom.qa.testcases.LoginPageTest">
        <test-method status="PASS" signature="setUp()[pri:0, instance:com.pom.qa.testcases.LoginPageTest@20398b7c]" name="setUp" is-config="true" duration-ms="6283" started-at="2021-02-08T16:53:09 IST" finished-at="2021-02-08T16:53:15 IST">
          <reporter-output>
          </reporter-output>
        </test-method> <!-- setUp -->
        <test-method status="PASS" signature="loginPageTitleTest()[pri:1, instance:com.pom.qa.testcases.LoginPageTest@20398b7c]" name="loginPageTitleTest" duration-ms="83" started-at="2021-02-08T16:53:15 IST" finished-at="2021-02-08T16:53:15 IST">
          <reporter-output>
          </reporter-output>
        </test-method> <!-- loginPageTitleTest -->
        <test-method status="PASS" signature="mainLoginbtn()[pri:2, instance:com.pom.qa.testcases.LoginPageTest@20398b7c]" name="mainLoginbtn" duration-ms="7010" started-at="2021-02-08T16:53:15 IST" finished-at="2021-02-08T16:53:22 IST">
          <reporter-output>
          </reporter-output>
        </test-method> <!-- mainLoginbtn -->
        <test-method status="PASS" signature="loginTest()[pri:3, instance:com.pom.qa.testcases.LoginPageTest@20398b7c]" name="loginTest" duration-ms="353" started-at="2021-02-08T16:53:22 IST" finished-at="2021-02-08T16:53:22 IST">
          <reporter-output>
          </reporter-output>
        </test-method> <!-- loginTest -->
        <test-method status="PASS" signature="tearDown()[pri:0, instance:com.pom.qa.testcases.LoginPageTest@20398b7c]" name="tearDown" is-config="true" duration-ms="1543" started-at="2021-02-08T16:53:22 IST" finished-at="2021-02-08T16:53:24 IST">
          <reporter-output>
          </reporter-output>
        </test-method> <!-- tearDown -->
      </class> <!-- com.pom.qa.testcases.LoginPageTest -->
      <class name="com.pom.qa.testcases.ContactsPageTest">
        <test-method status="PASS" signature="setUp()[pri:0, instance:com.pom.qa.testcases.ContactsPageTest@56235b8e]" name="setUp" is-config="true" duration-ms="24806" started-at="2021-02-08T16:53:44 IST" finished-at="2021-02-08T16:54:08 IST">
          <reporter-output>
          </reporter-output>
        </test-method> <!-- setUp -->
        <test-method status="PASS" signature="verifyContactsPageLabel()[pri:1, instance:com.pom.qa.testcases.ContactsPageTest@56235b8e]" name="verifyContactsPageLabel" duration-ms="39" started-at="2021-02-08T16:54:08 IST" finished-at="2021-02-08T16:54:08 IST">
          <reporter-output>
          </reporter-output>
        </test-method> <!-- verifyContactsPageLabel -->
        <test-method status="PASS" signature="verifyNewContactTest()[pri:2, instance:com.pom.qa.testcases.ContactsPageTest@56235b8e]" name="verifyNewContactTest" duration-ms="941" started-at="2021-02-08T16:54:08 IST" finished-at="2021-02-08T16:54:09 IST">
          <reporter-output>
          </reporter-output>
        </test-method> <!-- verifyNewContactTest -->
        <test-method status="PASS" signature="verifyNewContactSingleDataTest()[pri:3, instance:com.pom.qa.testcases.ContactsPageTest@56235b8e]" name="verifyNewContactSingleDataTest" duration-ms="3207" started-at="2021-02-08T16:54:09 IST" finished-at="2021-02-08T16:54:13 IST">
          <reporter-output>
          </reporter-output>
        </test-method> <!-- verifyNewContactSingleDataTest -->
        <test-method status="PASS" signature="validateCreateNewContact(java.lang.String, java.lang.String)[pri:4, instance:com.pom.qa.testcases.ContactsPageTest@56235b8e]" name="validateCreateNewContact" duration-ms="2171" started-at="2021-02-08T16:54:13 IST" data-provider="getTestData" finished-at="2021-02-08T16:54:15 IST">
          <params>
            <param index="0">
              <value>
                <![CDATA[Testing]]>
              </value>
            </param>
            <param index="1">
              <value>
                <![CDATA[Pom]]>
              </value>
            </param>
          </params>
          <reporter-output>
          </reporter-output>
        </test-method> <!-- validateCreateNewContact -->
        <test-method status="PASS" signature="validateCreateNewContact(java.lang.String, java.lang.String)[pri:4, instance:com.pom.qa.testcases.ContactsPageTest@56235b8e]" name="validateCreateNewContact" duration-ms="2247" started-at="2021-02-08T16:54:15 IST" data-provider="getTestData" finished-at="2021-02-08T16:54:17 IST">
          <params>
            <param index="0">
              <value>
                <![CDATA[Testing]]>
              </value>
            </param>
            <param index="1">
              <value>
                <![CDATA[Ddt]]>
              </value>
            </param>
          </params>
          <reporter-output>
          </reporter-output>
        </test-method> <!-- validateCreateNewContact -->
        <test-method status="PASS" signature="validateCreateNewContact(java.lang.String, java.lang.String)[pri:4, instance:com.pom.qa.testcases.ContactsPageTest@56235b8e]" name="validateCreateNewContact" duration-ms="2172" started-at="2021-02-08T16:54:17 IST" data-provider="getTestData" finished-at="2021-02-08T16:54:20 IST">
          <params>
            <param index="0">
              <value>
                <![CDATA[Testing]]>
              </value>
            </param>
            <param index="1">
              <value>
                <![CDATA[Test]]>
              </value>
            </param>
          </params>
          <reporter-output>
          </reporter-output>
        </test-method> <!-- validateCreateNewContact -->
        <test-method status="PASS" signature="tearDown()[pri:0, instance:com.pom.qa.testcases.ContactsPageTest@56235b8e]" name="tearDown" is-config="true" duration-ms="781" started-at="2021-02-08T16:54:20 IST" finished-at="2021-02-08T16:54:20 IST">
          <reporter-output>
          </reporter-output>
        </test-method> <!-- tearDown -->
      </class> <!-- com.pom.qa.testcases.ContactsPageTest -->
      <class name="com.pom.qa.testcases.HomePageTest">
        <test-method status="PASS" signature="setUp()[pri:0, instance:com.pom.qa.testcases.HomePageTest@6fc6f14e]" name="setUp" is-config="true" duration-ms="13208" started-at="2021-02-08T16:53:24 IST" finished-at="2021-02-08T16:53:37 IST">
          <reporter-output>
          </reporter-output>
        </test-method> <!-- setUp -->
        <test-method status="PASS" signature="verifyHomePageTitleTest()[pri:1, instance:com.pom.qa.testcases.HomePageTest@6fc6f14e]" name="verifyHomePageTitleTest" duration-ms="6" started-at="2021-02-08T16:53:37 IST" finished-at="2021-02-08T16:53:37 IST">
          <reporter-output>
          </reporter-output>
        </test-method> <!-- verifyHomePageTitleTest -->
        <test-method status="PASS" signature="verifyUserNameTest()[pri:2, instance:com.pom.qa.testcases.HomePageTest@6fc6f14e]" name="verifyUserNameTest" duration-ms="2077" started-at="2021-02-08T16:53:37 IST" finished-at="2021-02-08T16:53:39 IST">
          <reporter-output>
          </reporter-output>
        </test-method> <!-- verifyUserNameTest -->
        <test-method status="PASS" signature="verifyContactsLinkTest()[pri:3, instance:com.pom.qa.testcases.HomePageTest@6fc6f14e]" name="verifyContactsLinkTest" duration-ms="1517" started-at="2021-02-08T16:53:39 IST" finished-at="2021-02-08T16:53:41 IST">
          <reporter-output>
          </reporter-output>
        </test-method> <!-- verifyContactsLinkTest -->
        <test-method status="PASS" signature="tearDown()[pri:0, instance:com.pom.qa.testcases.HomePageTest@6fc6f14e]" name="tearDown" is-config="true" duration-ms="2919" started-at="2021-02-08T16:53:41 IST" finished-at="2021-02-08T16:53:44 IST">
          <reporter-output>
          </reporter-output>
        </test-method> <!-- tearDown -->
      </class> <!-- com.pom.qa.testcases.HomePageTest -->
    </test> <!-- Test -->
  </suite> <!-- PomTestNGMaven-Suite -->
</testng-results>
