<?xml version="1.0" encoding="UTF-8"?>
<testng-results skipped="0" failed="0" ignored="0" total="6" passed="6">
  <reporter-output>
  </reporter-output>
  <suite name="Default suite" duration-ms="30091" started-at="2021-02-09T17:33:05 IST" finished-at="2021-02-09T17:33:35 IST">
    <groups>
    </groups>
    <test name="Default test" duration-ms="30091" started-at="2021-02-09T17:33:05 IST" finished-at="2021-02-09T17:33:35 IST">
      <class name="com.pom.qa.testcases.ContactsPageTest">
        <test-method status="PASS" signature="setUp()[pri:0, instance:com.pom.qa.testcases.ContactsPageTest@7f13d6e]" name="setUp" is-config="true" duration-ms="16552" started-at="2021-02-09T17:33:05 IST" finished-at="2021-02-09T17:33:22 IST">
          <reporter-output>
          </reporter-output>
        </test-method> <!-- setUp -->
        <test-method status="PASS" signature="verifyContactsPageLabel()[pri:1, instance:com.pom.qa.testcases.ContactsPageTest@7f13d6e]" name="verifyContactsPageLabel" duration-ms="97" started-at="2021-02-09T17:33:22 IST" finished-at="2021-02-09T17:33:22 IST">
          <reporter-output>
          </reporter-output>
        </test-method> <!-- verifyContactsPageLabel -->
        <test-method status="PASS" signature="verifyNewContactTest()[pri:2, instance:com.pom.qa.testcases.ContactsPageTest@7f13d6e]" name="verifyNewContactTest" duration-ms="364" started-at="2021-02-09T17:33:22 IST" finished-at="2021-02-09T17:33:22 IST">
          <reporter-output>
          </reporter-output>
        </test-method> <!-- verifyNewContactTest -->
        <test-method status="PASS" signature="verifyNewContactSingleDataTest()[pri:3, instance:com.pom.qa.testcases.ContactsPageTest@7f13d6e]" name="verifyNewContactSingleDataTest" duration-ms="2860" started-at="2021-02-09T17:33:22 IST" finished-at="2021-02-09T17:33:25 IST">
          <reporter-output>
          </reporter-output>
        </test-method> <!-- verifyNewContactSingleDataTest -->
        <test-method status="PASS" signature="validateCreateNewContact(java.lang.String, java.lang.String)[pri:4, instance:com.pom.qa.testcases.ContactsPageTest@7f13d6e]" name="validateCreateNewContact" duration-ms="3288" started-at="2021-02-09T17:33:25 IST" data-provider="getTestData" finished-at="2021-02-09T17:33:29 IST">
          <params>
            <param index="0">
              <value>
                <![CDATA[Testing4]]>
              </value>
            </param>
            <param index="1">
              <value>
                <![CDATA[Pom]]>
              </value>
            </param>
          </params>
          <reporter-output>
          </reporter-output>
        </test-method> <!-- validateCreateNewContact -->
        <test-method status="PASS" signature="validateCreateNewContact(java.lang.String, java.lang.String)[pri:4, instance:com.pom.qa.testcases.ContactsPageTest@7f13d6e]" name="validateCreateNewContact" duration-ms="2059" started-at="2021-02-09T17:33:29 IST" data-provider="getTestData" finished-at="2021-02-09T17:33:31 IST">
          <params>
            <param index="0">
              <value>
                <![CDATA[Testing2]]>
              </value>
            </param>
            <param index="1">
              <value>
                <![CDATA[Ddt]]>
              </value>
            </param>
          </params>
          <reporter-output>
          </reporter-output>
        </test-method> <!-- validateCreateNewContact -->
        <test-method status="PASS" signature="validateCreateNewContact(java.lang.String, java.lang.String)[pri:4, instance:com.pom.qa.testcases.ContactsPageTest@7f13d6e]" name="validateCreateNewContact" duration-ms="3510" started-at="2021-02-09T17:33:31 IST" data-provider="getTestData" finished-at="2021-02-09T17:33:34 IST">
          <params>
            <param index="0">
              <value>
                <![CDATA[Testing3]]>
              </value>
            </param>
            <param index="1">
              <value>
                <![CDATA[Test]]>
              </value>
            </param>
          </params>
          <reporter-output>
          </reporter-output>
        </test-method> <!-- validateCreateNewContact -->
        <test-method status="PASS" signature="tearDown()[pri:0, instance:com.pom.qa.testcases.ContactsPageTest@7f13d6e]" name="tearDown" is-config="true" duration-ms="959" started-at="2021-02-09T17:33:34 IST" finished-at="2021-02-09T17:33:35 IST">
          <reporter-output>
          </reporter-output>
        </test-method> <!-- tearDown -->
      </class> <!-- com.pom.qa.testcases.ContactsPageTest -->
    </test> <!-- Default test -->
  </suite> <!-- Default suite -->
</testng-results>
